<?xml version="1.0" encoding="UTF-8"?>
<!-- Generated by org.testng.reporters.JUnitReportReporter -->
<testsuite skipped="0" hostname="Nissan" name="Test.SubmitClick" tests="1" failures="0" timestamp="17 Jul 2017 01:55:46 GMT" time="15.896" errors="0">
  <testcase name="toClickSubmit" time="15.896" classname="Test.SubmitClick"/>
</testsuite> <!-- Test.SubmitClick -->
