<?xml version="1.0" encoding="UTF-8"?>
<!-- Generated by org.testng.reporters.JUnitReportReporter -->
<testsuite skipped="0" hostname="Nissan" name="Test.SignInTest" tests="1" failures="0" timestamp="17 Jul 2017 01:55:46 GMT" time="29.624" errors="0">
  <testcase name="TestSignIn" time="29.624" classname="Test.SignInTest"/>
</testsuite> <!-- Test.SignInTest -->
