<?xml version="1.0" encoding="UTF-8"?>
<!-- Generated by org.testng.reporters.JUnitReportReporter -->
<testsuite skipped="0" hostname="Nissan" name="Test.SubmitClick" tests="1" failures="0" timestamp="17 Jul 2017 00:15:08 GMT" time="16.998" errors="0">
  <testcase name="toClickSubmit" time="16.998" classname="Test.SubmitClick"/>
</testsuite> <!-- Test.SubmitClick -->
