<?xml version="1.0" encoding="UTF-8"?>
<!-- Generated by org.testng.reporters.JUnitReportReporter -->
<testsuite skipped="0" hostname="Nissan" name="Test.SignInPage" tests="1" failures="0" timestamp="17 Jul 2017 00:35:53 GMT" time="15.742" errors="0">
  <testcase name="SignInPageTest" time="15.742" classname="Test.SignInPage"/>
</testsuite> <!-- Test.SignInPage -->
