<?xml version="1.0" encoding="UTF-8"?>
<!-- Generated by org.testng.reporters.JUnitReportReporter -->
<testsuite skipped="0" hostname="Nissan" name="TestNGListener.Group1" tests="2" failures="0" timestamp="20 Apr 2017 19:39:58 GMT" time="0.010" errors="0">
  <testcase name="m8" time="0.004" classname="TestNGListener.Group1"/>
  <testcase name="m5" time="0.006" classname="TestNGListener.Group1"/>
</testsuite> <!-- TestNGListener.Group1 -->
