<?xml version="1.0" encoding="UTF-8"?>
<!-- Generated by org.testng.reporters.JUnitReportReporter -->
<testsuite skipped="0" hostname="Nissan" name="dataProvide.DataProvide" tests="3" failures="0" timestamp="10 Apr 2017 00:34:39 GMT" time="0.050" errors="0">
  <testcase name="login" time="0.005" classname="dataProvide.DataProvide"/>
  <testcase name="login" time="0.005" classname="dataProvide.DataProvide"/>
  <testcase name="login" time="0.040" classname="dataProvide.DataProvide"/>
</testsuite> <!-- dataProvide.DataProvide -->
