<?xml version="1.0" encoding="UTF-8"?>
<!-- Generated by org.testng.reporters.JUnitReportReporter -->
<testsuite skipped="0" hostname="Nissan" name="TestngTutorial" tests="2" failures="0" timestamp="03 Apr 2017 01:10:25 GMT" time="0.022" errors="0">
  <testcase name="logIn" time="0.009" classname="TestngTutorial"/>
  <testcase name="OpenTheBrowser" time="0.013" classname="TestngTutorial"/>
</testsuite> <!-- TestngTutorial -->
