<?xml version="1.0" encoding="UTF-8"?>
<!-- Generated by org.testng.reporters.JUnitReportReporter -->
<testsuite skipped="2" hostname="Nissan" name="Smoketest" tests="3" failures="0" timestamp="20 Apr 2017 19:32:18 GMT" time="55.030" errors="1">
  <testcase name="logIn" time="0.000" classname="Smoketest">
    <skipped/>
  </testcase> <!-- logIn -->
  <testcase name="openBrowser" time="55.030" classname="Smoketest">
    <error type="org.openqa.selenium.WebDriverException" message="Failed to connect to binary FirefoxBinary(C:\Program Files (x86)\Mozilla Firefox\firefox.exe) on port 7055; process output follows: 
om version 1.0.2
1492716693582	addons.xpi	DEBUG	Registering manifest for C:\Program Files (x86)\Mozilla Firefox\browser\features\loop@mozilla.org.xpi
1492716693585	addons.xpi	DEBUG	Calling bootstrap method startup on loop@mozilla.org version 1.3.2
1492716693665	addons.xpi	DEBUG	Registering manifest for C:\Program Files (x86)\Mozilla Firefox\browser\features\websensehelper@mozilla.org.xpi
1492716693667	addons.xpi	DEBUG	Calling bootstrap method startup on websensehelper@mozilla.org version 1.0
1492716693677	addons.manager	DEBUG	Registering shutdown blocker for XPIProvider
1492716693677	addons.manager	DEBUG	Provider finished startup: XPIProvider
1492716693678	addons.manager	DEBUG	Starting provider: LightweightThemeManager
1492716693678	addons.manager	DEBUG	Registering shutdown blocker for LightweightThemeManager
1492716693678	addons.manager	DEBUG	Provider finished startup: LightweightThemeManager
1492716693680	addons.manager	DEBUG	Starting provider: GMPProvider
1492716693708	addons.manager	DEBUG	Registering shutdown blocker for GMPProvider
1492716693709	addons.manager	DEBUG	Provider finished startup: GMPProvider
1492716693709	addons.manager	DEBUG	Starting provider: PluginProvider
1492716693709	addons.manager	DEBUG	Registering shutdown blocker for PluginProvider
1492716693710	addons.manager	DEBUG	Provider finished startup: PluginProvider
1492716693711	addons.manager	DEBUG	Completed startup sequence
1492716695794	addons.manager	DEBUG	Starting provider: &lt;unnamed-provider&gt;
1492716695794	addons.manager	DEBUG	Registering shutdown blocker for &lt;unnamed-provider&gt;
1492716695795	addons.manager	DEBUG	Provider finished startup: &lt;unnamed-provider&gt;
1492716696526	DeferredSave.extensions.json	DEBUG	Write succeeded
1492716696527	addons.xpi-utils	DEBUG	XPI Database saved, setting schema version preference to 17
1492716696528	DeferredSave.extensions.json	DEBUG	Starting timer
1492716696561	DeferredSave.extensions.json	DEBUG	Starting write
1492716696614	addons.repository	DEBUG	No addons.json found.
1492716696615	DeferredSave.addons.json	DEBUG	Save changes
1492716696645	DeferredSave.addons.json	DEBUG	Starting timer
1492716696883	addons.manager	DEBUG	Starting provider: PreviousExperimentProvider
1492716696884	addons.manager	DEBUG	Registering shutdown blocker for PreviousExperimentProvider
1492716696884	addons.manager	DEBUG	Provider finished startup: PreviousExperimentProvider
1492716696897	DeferredSave.addons.json	DEBUG	Starting write
1492716696919	DeferredSave.extensions.json	DEBUG	Write succeeded
1492716697006	DeferredSave.addons.json	DEBUG	Write succeeded
JavaScript error: chrome://fxdriver/content/server.js, line 61: uncaught exception: [object Object]
JavaScript error: chrome://fxdriver/content/server.js, line 61: NS_ERROR_XPC_CI_RETURNED_FAILURE: Component returned failure code: 0x80570015 (NS_ERROR_XPC_CI_RETURNED_FAILURE) [nsIJSCID.createInstance]
1492716703184	addons.xpi	DEBUG	Calling bootstrap method shutdown on e10srollout@mozilla.org version 1.0
1492716703194	addons.xpi	DEBUG	Calling bootstrap method shutdown on firefox@getpocket.com version 1.0.2
1492716703199	addons.xpi	DEBUG	Calling bootstrap method shutdown on loop@mozilla.org version 1.3.2
1492716703208	addons.xpi	DEBUG	Calling bootstrap method shutdown on websensehelper@mozilla.org version 1.0
1492716704065	addons.manager	DEBUG	shutdown
1492716704066	addons.manager	DEBUG	Calling shutdown blocker for XPIProvider
1492716704067	addons.xpi	DEBUG	shutdown
1492716704067	addons.xpi-utils	DEBUG	shutdown
1492716704070	addons.manager	DEBUG	Calling shutdown blocker for LightweightThemeManager
1492716704072	addons.manager	DEBUG	Calling shutdown blocker for GMPProvider
1492716704079	addons.manager	DEBUG	Calling shutdown blocker for PluginProvider
1492716704081	addons.manager	DEBUG	Calling shutdown blocker for &lt;unnamed-provider&gt;
1492716704087	addons.manager	DEBUG	Calling shutdown blocker for PreviousExperimentProvider
1492716704096	addons.xpi	DEBUG	Notifying XPI shutdown observers
1492716704108	addons.manager	DEBUG	Async provider shutdown done

Build info: version: &#039;2.53.1&#039;, revision: &#039;a36b8b1&#039;, time: &#039;2016-06-30 17:37:03&#039;
System info: host: &#039;Nissan&#039;, ip: &#039;192.168.0.4&#039;, os.name: &#039;Windows 8.1&#039;, os.arch: &#039;amd64&#039;, os.version: &#039;6.3&#039;, java.version: &#039;1.8.0_111&#039;
Driver info: driver.version: FirefoxDriver">
      <![CDATA[org.openqa.selenium.WebDriverException: Failed to connect to binary FirefoxBinary(C:\Program Files (x86)\Mozilla Firefox\firefox.exe) on port 7055; process output follows: 
om version 1.0.2
1492716693582	addons.xpi	DEBUG	Registering manifest for C:\Program Files (x86)\Mozilla Firefox\browser\features\loop@mozilla.org.xpi
1492716693585	addons.xpi	DEBUG	Calling bootstrap method startup on loop@mozilla.org version 1.3.2
1492716693665	addons.xpi	DEBUG	Registering manifest for C:\Program Files (x86)\Mozilla Firefox\browser\features\websensehelper@mozilla.org.xpi
1492716693667	addons.xpi	DEBUG	Calling bootstrap method startup on websensehelper@mozilla.org version 1.0
1492716693677	addons.manager	DEBUG	Registering shutdown blocker for XPIProvider
1492716693677	addons.manager	DEBUG	Provider finished startup: XPIProvider
1492716693678	addons.manager	DEBUG	Starting provider: LightweightThemeManager
1492716693678	addons.manager	DEBUG	Registering shutdown blocker for LightweightThemeManager
1492716693678	addons.manager	DEBUG	Provider finished startup: LightweightThemeManager
1492716693680	addons.manager	DEBUG	Starting provider: GMPProvider
1492716693708	addons.manager	DEBUG	Registering shutdown blocker for GMPProvider
1492716693709	addons.manager	DEBUG	Provider finished startup: GMPProvider
1492716693709	addons.manager	DEBUG	Starting provider: PluginProvider
1492716693709	addons.manager	DEBUG	Registering shutdown blocker for PluginProvider
1492716693710	addons.manager	DEBUG	Provider finished startup: PluginProvider
1492716693711	addons.manager	DEBUG	Completed startup sequence
1492716695794	addons.manager	DEBUG	Starting provider: <unnamed-provider>
1492716695794	addons.manager	DEBUG	Registering shutdown blocker for <unnamed-provider>
1492716695795	addons.manager	DEBUG	Provider finished startup: <unnamed-provider>
1492716696526	DeferredSave.extensions.json	DEBUG	Write succeeded
1492716696527	addons.xpi-utils	DEBUG	XPI Database saved, setting schema version preference to 17
1492716696528	DeferredSave.extensions.json	DEBUG	Starting timer
1492716696561	DeferredSave.extensions.json	DEBUG	Starting write
1492716696614	addons.repository	DEBUG	No addons.json found.
1492716696615	DeferredSave.addons.json	DEBUG	Save changes
1492716696645	DeferredSave.addons.json	DEBUG	Starting timer
1492716696883	addons.manager	DEBUG	Starting provider: PreviousExperimentProvider
1492716696884	addons.manager	DEBUG	Registering shutdown blocker for PreviousExperimentProvider
1492716696884	addons.manager	DEBUG	Provider finished startup: PreviousExperimentProvider
1492716696897	DeferredSave.addons.json	DEBUG	Starting write
1492716696919	DeferredSave.extensions.json	DEBUG	Write succeeded
1492716697006	DeferredSave.addons.json	DEBUG	Write succeeded
JavaScript error: chrome://fxdriver/content/server.js, line 61: uncaught exception: [object Object]
JavaScript error: chrome://fxdriver/content/server.js, line 61: NS_ERROR_XPC_CI_RETURNED_FAILURE: Component returned failure code: 0x80570015 (NS_ERROR_XPC_CI_RETURNED_FAILURE) [nsIJSCID.createInstance]
1492716703184	addons.xpi	DEBUG	Calling bootstrap method shutdown on e10srollout@mozilla.org version 1.0
1492716703194	addons.xpi	DEBUG	Calling bootstrap method shutdown on firefox@getpocket.com version 1.0.2
1492716703199	addons.xpi	DEBUG	Calling bootstrap method shutdown on loop@mozilla.org version 1.3.2
1492716703208	addons.xpi	DEBUG	Calling bootstrap method shutdown on websensehelper@mozilla.org version 1.0
1492716704065	addons.manager	DEBUG	shutdown
1492716704066	addons.manager	DEBUG	Calling shutdown blocker for XPIProvider
1492716704067	addons.xpi	DEBUG	shutdown
1492716704067	addons.xpi-utils	DEBUG	shutdown
1492716704070	addons.manager	DEBUG	Calling shutdown blocker for LightweightThemeManager
1492716704072	addons.manager	DEBUG	Calling shutdown blocker for GMPProvider
1492716704079	addons.manager	DEBUG	Calling shutdown blocker for PluginProvider
1492716704081	addons.manager	DEBUG	Calling shutdown blocker for <unnamed-provider>
1492716704087	addons.manager	DEBUG	Calling shutdown blocker for PreviousExperimentProvider
1492716704096	addons.xpi	DEBUG	Notifying XPI shutdown observers
1492716704108	addons.manager	DEBUG	Async provider shutdown done

Build info: version: '2.53.1', revision: 'a36b8b1', time: '2016-06-30 17:37:03'
System info: host: 'Nissan', ip: '192.168.0.4', os.name: 'Windows 8.1', os.arch: 'amd64', os.version: '6.3', java.version: '1.8.0_111'
Driver info: driver.version: FirefoxDriver
	at org.openqa.selenium.firefox.internal.NewProfileExtensionConnection.start(NewProfileExtensionConnection.java:124)
	at org.openqa.selenium.firefox.FirefoxDriver.startClient(FirefoxDriver.java:271)
	at org.openqa.selenium.remote.RemoteWebDriver.<init>(RemoteWebDriver.java:119)
	at org.openqa.selenium.firefox.FirefoxDriver.<init>(FirefoxDriver.java:218)
	at org.openqa.selenium.firefox.FirefoxDriver.<init>(FirefoxDriver.java:211)
	at org.openqa.selenium.firefox.FirefoxDriver.<init>(FirefoxDriver.java:207)
	at org.openqa.selenium.firefox.FirefoxDriver.<init>(FirefoxDriver.java:120)
	at Smoketest.openBrowser(Smoketest.java:30)
	at sun.reflect.NativeMethodAccessorImpl.invoke0(Native Method)
	at sun.reflect.NativeMethodAccessorImpl.invoke(NativeMethodAccessorImpl.java:62)
	at sun.reflect.DelegatingMethodAccessorImpl.invoke(DelegatingMethodAccessorImpl.java:43)
	at java.lang.reflect.Method.invoke(Method.java:498)
	at org.testng.internal.MethodInvocationHelper.invokeMethod(MethodInvocationHelper.java:108)
	at org.testng.internal.Invoker.invokeConfigurationMethod(Invoker.java:523)
	at org.testng.internal.Invoker.invokeConfigurations(Invoker.java:224)
	at org.testng.internal.Invoker.invokeMethod(Invoker.java:599)
	at org.testng.internal.Invoker.invokeTestMethod(Invoker.java:869)
	at org.testng.internal.Invoker.invokeTestMethods(Invoker.java:1193)
	at org.testng.internal.TestMethodWorker.invokeTestMethods(TestMethodWorker.java:126)
	at org.testng.internal.TestMethodWorker.run(TestMethodWorker.java:109)
	at org.testng.TestRunner.privateRun(TestRunner.java:744)
	at org.testng.TestRunner.run(TestRunner.java:602)
	at org.testng.SuiteRunner.runTest(SuiteRunner.java:380)
	at org.testng.SuiteRunner.runSequentially(SuiteRunner.java:375)
	at org.testng.SuiteRunner.privateRun(SuiteRunner.java:340)
	at org.testng.SuiteRunner.run(SuiteRunner.java:289)
	at org.testng.SuiteRunnerWorker.runSuite(SuiteRunnerWorker.java:52)
	at org.testng.SuiteRunnerWorker.run(SuiteRunnerWorker.java:86)
	at org.testng.TestNG.runSuitesSequentially(TestNG.java:1301)
	at org.testng.TestNG.runSuitesLocally(TestNG.java:1226)
	at org.testng.TestNG.runSuites(TestNG.java:1144)
	at org.testng.TestNG.run(TestNG.java:1115)
	at org.testng.remote.AbstractRemoteTestNG.run(AbstractRemoteTestNG.java:132)
	at org.testng.remote.RemoteTestNG.initAndRun(RemoteTestNG.java:230)
	at org.testng.remote.RemoteTestNG.main(RemoteTestNG.java:76)
Caused by: org.openqa.selenium.firefox.NotConnectedException: Unable to connect to host 127.0.0.1 on port 7055 after 45000 ms. Firefox console output:
om version 1.0.2
1492716693582	addons.xpi	DEBUG	Registering manifest for C:\Program Files (x86)\Mozilla Firefox\browser\features\loop@mozilla.org.xpi
1492716693585	addons.xpi	DEBUG	Calling bootstrap method startup on loop@mozilla.org version 1.3.2
1492716693665	addons.xpi	DEBUG	Registering manifest for C:\Program Files (x86)\Mozilla Firefox\browser\features\websensehelper@mozilla.org.xpi
1492716693667	addons.xpi	DEBUG	Calling bootstrap method startup on websensehelper@mozilla.org version 1.0
1492716693677	addons.manager	DEBUG	Registering shutdown blocker for XPIProvider
1492716693677	addons.manager	DEBUG	Provider finished startup: XPIProvider
1492716693678	addons.manager	DEBUG	Starting provider: LightweightThemeManager
1492716693678	addons.manager	DEBUG	Registering shutdown blocker for LightweightThemeManager
1492716693678	addons.manager	DEBUG	Provider finished startup: LightweightThemeManager
1492716693680	addons.manager	DEBUG	Starting provider: GMPProvider
1492716693708	addons.manager	DEBUG	Registering shutdown blocker for GMPProvider
1492716693709	addons.manager	DEBUG	Provider finished startup: GMPProvider
1492716693709	addons.manager	DEBUG	Starting provider: PluginProvider
1492716693709	addons.manager	DEBUG	Registering shutdown blocker for PluginProvider
1492716693710	addons.manager	DEBUG	Provider finished startup: PluginProvider
1492716693711	addons.manager	DEBUG	Completed startup sequence
1492716695794	addons.manager	DEBUG	Starting provider: <unnamed-provider>
1492716695794	addons.manager	DEBUG	Registering shutdown blocker for <unnamed-provider>
1492716695795	addons.manager	DEBUG	Provider finished startup: <unnamed-provider>
1492716696526	DeferredSave.extensions.json	DEBUG	Write succeeded
1492716696527	addons.xpi-utils	DEBUG	XPI Database saved, setting schema version preference to 17
1492716696528	DeferredSave.extensions.json	DEBUG	Starting timer
1492716696561	DeferredSave.extensions.json	DEBUG	Starting write
1492716696614	addons.repository	DEBUG	No addons.json found.
1492716696615	DeferredSave.addons.json	DEBUG	Save changes
1492716696645	DeferredSave.addons.json	DEBUG	Starting timer
1492716696883	addons.manager	DEBUG	Starting provider: PreviousExperimentProvider
1492716696884	addons.manager	DEBUG	Registering shutdown blocker for PreviousExperimentProvider
1492716696884	addons.manager	DEBUG	Provider finished startup: PreviousExperimentProvider
1492716696897	DeferredSave.addons.json	DEBUG	Starting write
1492716696919	DeferredSave.extensions.json	DEBUG	Write succeeded
1492716697006	DeferredSave.addons.json	DEBUG	Write succeeded
JavaScript error: chrome://fxdriver/content/server.js, line 61: uncaught exception: [object Object]
JavaScript error: chrome://fxdriver/content/server.js, line 61: NS_ERROR_XPC_CI_RETURNED_FAILURE: Component returned failure code: 0x80570015 (NS_ERROR_XPC_CI_RETURNED_FAILURE) [nsIJSCID.createInstance]
1492716703184	addons.xpi	DEBUG	Calling bootstrap method shutdown on e10srollout@mozilla.org version 1.0
1492716703194	addons.xpi	DEBUG	Calling bootstrap method shutdown on firefox@getpocket.com version 1.0.2
1492716703199	addons.xpi	DEBUG	Calling bootstrap method shutdown on loop@mozilla.org version 1.3.2
1492716703208	addons.xpi	DEBUG	Calling bootstrap method shutdown on websensehelper@mozilla.org version 1.0
1492716704065	addons.manager	DEBUG	shutdown
1492716704066	addons.manager	DEBUG	Calling shutdown blocker for XPIProvider
1492716704067	addons.xpi	DEBUG	shutdown
1492716704067	addons.xpi-utils	DEBUG	shutdown
1492716704070	addons.manager	DEBUG	Calling shutdown blocker for LightweightThemeManager
1492716704072	addons.manager	DEBUG	Calling shutdown blocker for GMPProvider
1492716704079	addons.manager	DEBUG	Calling shutdown blocker for PluginProvider
1492716704081	addons.manager	DEBUG	Calling shutdown blocker for <unnamed-provider>
1492716704087	addons.manager	DEBUG	Calling shutdown blocker for PreviousExperimentProvider
1492716704096	addons.xpi	DEBUG	Notifying XPI shutdown observers
1492716704108	addons.manager	DEBUG	Async provider shutdown done

	at org.openqa.selenium.firefox.internal.NewProfileExtensionConnection.start(NewProfileExtensionConnection.java:112)
	... 34 more
]]>
    </error>
  </testcase> <!-- openBrowser -->
  <testcase name="OpenTheBrowser" time="0.000" classname="Smoketest">
    <skipped/>
  </testcase> <!-- OpenTheBrowser -->
</testsuite> <!-- Smoketest -->
