<?xml version="1.0" encoding="UTF-8"?>
<!-- Generated by org.testng.reporters.JUnitReportReporter -->
<testsuite skipped="0" hostname="Nissan" name="TestNGListener.Group" tests="2" failures="0" timestamp="20 Apr 2017 19:39:58 GMT" time="0.061" errors="0">
  <testcase name="m1" time="0.049" classname="TestNGListener.Group"/>
  <testcase name="m4" time="0.012" classname="TestNGListener.Group"/>
</testsuite> <!-- TestNGListener.Group -->
